\BOOKMARK [1][-]{section.1}{\376\377\000H\000\351\000t\000f\001\121\000\040\000\351\000s\000\040\000K\000e\000d\000d}{}% 1
\BOOKMARK [2][-]{subsection.1.1}{\376\377\000R\000e\000g\000g\000e\000l\000i\000:\000\040\000C\000h\000i\000a\000\040\000p\000u\000d\000i\000n\000g\000\040\000m\000a\000n\000d\000u\000l\000a\000t\000e\000j\000j\000e\000l}{section.1}% 2
\BOOKMARK [2][-]{subsection.1.2}{\376\377\000E\000b\000\351\000d\000:\000\040\000S\000\374\000t\001\121\000t\000\366\000k\000l\000e\000v\000e\000s\000\040\000p\000i\000r\000\355\000t\000o\000t\000t\000\040\000t\000\366\000k\000m\000a\000g\000g\000a\000l}{section.1}% 3
\BOOKMARK [2][-]{subsection.1.3}{\376\377\000V\000a\000c\000s\000o\000r\000a\000:\000\040\000L\000e\000n\000c\000s\000e\000s\000a\000l\000\341\000t\000a\000\040\000s\000\374\000l\000t\000\040\000z\000\366\000l\000d\000s\000\351\000g\000e\000k\000k\000e\000l}{section.1}% 4
\BOOKMARK [1][-]{section.2}{\376\377\000S\000z\000e\000r\000d\000a\000\040\000\351\000s\000\040\000C\000s\000\374\000t\000\366\000r\000t\000\366\000k}{}% 5
\BOOKMARK [2][-]{subsection.2.1}{\376\377\000R\000e\000g\000g\000e\000l\000i\000:\000\040\000A\000v\000o\000k\000\341\000d\000\363\000s\000\040\000p\000i\000r\000\355\000t\000\363\000s}{section.2}% 6
\BOOKMARK [2][-]{subsection.2.2}{\376\377\000E\000b\000\351\000d\000:\000\040\000Q\000u\000i\000n\000o\000a\000s\000a\000l\000\341\000t\000a\000\040\000f\000e\000k\000e\000t\000e\000\040\000b\000a\000b\000b\000a\000l\000\040\000\351\000s\000\040\000k\000u\000k\000o\000r\000i\000c\000\341\000v\000a\000l}{section.2}% 7
\BOOKMARK [2][-]{subsection.2.3}{\376\377\000V\000a\000c\000s\000o\000r\000a\000:\000\040\000B\000r\000o\000k\000k\000o\000l\000i\000\040\000k\000r\000\351\000m\000l\000e\000v\000e\000s}{section.2}% 8
\BOOKMARK [1][-]{section.3}{\376\377\000P\000\351\000n\000t\000e\000k}{}% 9
\BOOKMARK [2][-]{subsection.3.1}{\376\377\000R\000e\000g\000g\000e\000l\000i\000:\000\040\000G\000y\000\374\000m\000\366\000l\000c\000s\000s\000a\000l\000\341\000t\000a\000\040\000d\000i\000\363\000v\000a\000l}{section.3}% 10
\BOOKMARK [2][-]{subsection.3.2}{\376\377\000E\000b\000\351\000d\000:\000\040\000P\000a\000r\000a\000d\000i\000c\000s\000o\000m\000o\000s\000-\000c\000s\000i\000c\000s\000e\000r\000i\000b\000o\000r\000s\000\363\000s\000\040\000r\000a\000g\000u}{section.3}% 11
\BOOKMARK [2][-]{subsection.3.3}{\376\377\000V\000a\000c\000s\000o\000r\000a\000:\000\040\000G\000r\000i\000l\000l\000e\000z\000e\000t\000t\000\040\000z\000\366\000l\000d\000s\000\351\000g\000e\000k\000\040\000h\000u\000m\000m\000u\000s\000s\000z\000a\000l}{section.3}% 12
\BOOKMARK [1][-]{section.4}{\376\377\000S\000z\000o\000m\000b\000a\000t}{}% 13
\BOOKMARK [2][-]{subsection.4.1}{\376\377\000R\000e\000g\000g\000e\000l\000i\000:\000\040\000F\001\121\000t\000t\000\040\000t\000o\000j\000\341\000s\000\040\000f\000r\000i\000s\000s\000\040\000z\000\366\000l\000d\000s\000\351\000g\000e\000k\000k\000e\000l}{section.4}% 14
\BOOKMARK [2][-]{subsection.4.2}{\376\377\000E\000b\000\351\000d\000:\000\040\000R\000o\000s\000t\000b\000a\000n\000\040\000g\000a\000z\000d\000a\000g\000\040\000z\000\366\000l\000d\000s\000\351\000g\000p\000\366\000r\000k\000\366\000l\000t\000\040\000l\000e\000n\000c\000s\000\351\000v\000e\000l}{section.4}% 15
\BOOKMARK [2][-]{subsection.4.3}{\376\377\000V\000a\000c\000s\000o\000r\000a\000:\000\040\000C\000\351\000k\000l\000\341\000s\000\040\000s\000a\000l\000\341\000t\000a\000\040\000k\000e\000c\000s\000k\000e\000s\000a\000j\000t\000t\000a\000l}{section.4}% 16
\BOOKMARK [1][-]{section.5}{\376\377\000V\000a\000s\000\341\000r\000n\000a\000p}{}% 17
\BOOKMARK [2][-]{subsection.5.1}{\376\377\000R\000e\000g\000g\000e\000l\000i\000:\000\040\000F\001\121\000t\000t\000\040\000t\000o\000j\000\341\000s\000\040\000f\000r\000i\000s\000s\000\040\000z\000\366\000l\000d\000s\000\351\000g\000e\000k\000k\000e\000l}{section.5}% 18
\BOOKMARK [2][-]{subsection.5.2}{\376\377\000E\000b\000\351\000d\000:\000\040\000S\000\374\000t\001\121\000t\000\366\000k\000\366\000s\000\040\000r\000a\000k\000o\000t\000t\000a\000s}{section.5}% 19
\BOOKMARK [2][-]{subsection.5.3}{\376\377\000V\000a\000c\000s\000o\000r\000a\000:\000\040\000Z\000\366\000l\000d\000b\000o\000r\000s\000\363\000s\000\040\000t\000\351\000s\000z\000t\000a\000\040\000s\000p\000e\000n\000\363\000t\000t\000a\000l}{section.5}% 20
